# JRE version: OpenJDK Runtime Environment (21.0.10+7) (build 21.0.10+7-Debian-1deb13u1)
# Java VM: OpenJDK 64-Bit Server VM (21.0.10+7-Debian-1deb13u1, mixed mode, sharing, tiered, compressed oops, compressed class ptrs, g1 gc, linux-amd64)
GC Precious Log:
 CardTable entry size: 512
 Card Set container configuration: InlinePtr #cards 4 size 8 Array Of Cards #cards 64 size 144 Howl #buckets 8 coarsen threshold 14745 Howl Bitmap #cards 2048 size 272 coarsen threshold 1843 Card regions per heap region 1 cards per card region 16384
 CPUs: 16 total, 16 available
 Memory: 63857M
 Large Page Support: Disabled
 NUMA Support: Disabled
 Compressed Oops: Enabled (Zero based)
 Heap Region Size: 8M
 Heap Min Capacity: 8M
 Heap Initial Capacity: 1000M
 Heap Max Capacity: 15968M
 Pre-touch: Disabled
 Parallel Workers: 13
 Concurrent Workers: 3
 Concurrent Refinement Workers: 13
 Periodic GC: Disabled
Heap:
 garbage-first heap   total 614400K, used 292090K [0x000000041a000000, 0x0000000800000000)
  region size 8192K, 29 young (237568K), 1 survivors (8192K)
 Metaspace       used 23692K, committed 24128K, reserved 1114112K
  class space    used 2426K, committed 2624K, reserved 1048576K
GC Heap History (20 events):
Event: 1.514 GC heap before
{Heap before GC invocations=7 (full 0):
 garbage-first heap   total 196608K, used 121236K [0x000000041a000000, 0x0000000800000000)
  region size 8192K, 14 young (114688K), 3 survivors (24576K)
 Metaspace       used 23047K, committed 23488K, reserved 1114112K
  class space    used 2368K, committed 2560K, reserved 1048576K
}
Event: 1.520 GC heap after
{Heap after GC invocations=8 (full 0):
 garbage-first heap   total 196608K, used 52601K [0x000000041a000000, 0x0000000800000000)
  region size 8192K, 2 young (16384K), 2 survivors (16384K)
 Metaspace       used 23047K, committed 23488K, reserved 1114112K
  class space    used 2368K, committed 2560K, reserved 1048576K
}
Event: 1.574 GC heap before
{Heap before GC invocations=8 (full 0):
 garbage-first heap   total 196608K, used 142713K [0x000000041a000000, 0x0000000800000000)
  region size 8192K, 14 young (114688K), 2 survivors (16384K)
 Metaspace       used 23120K, committed 23552K, reserved 1114112K
  class space    used 2368K, committed 2560K, reserved 1048576K
}
Event: 1.578 GC heap after
{Heap after GC invocations=9 (full 0):
 garbage-first heap   total 196608K, used 55586K [0x000000041a000000, 0x0000000800000000)
  region size 8192K, 1 young (8192K), 1 survivors (8192K)
 Metaspace       used 23120K, committed 23552K, reserved 1114112K
  class space    used 2368K, committed 2560K, reserved 1048576K
}
Event: 1.619 GC heap before
{Heap before GC invocations=9 (full 0):
 garbage-first heap   total 196608K, used 145698K [0x000000041a000000, 0x0000000800000000)
  region size 8192K, 13 young (106496K), 1 survivors (8192K)
 Metaspace       used 23208K, committed 23680K, reserved 1114112K
  class space    used 2371K, committed 2624K, reserved 1048576K
}
Event: 1.622 GC heap after
{Heap after GC invocations=10 (full 0):
 garbage-first heap   total 196608K, used 65411K [0x000000041a000000, 0x0000000800000000)
  region size 8192K, 2 young (16384K), 2 survivors (16384K)
 Metaspace       used 23208K, committed 23680K, reserved 1114112K
  class space    used 2371K, committed 2624K, reserved 1048576K
}
Event: 1.650 GC heap before
{Heap before GC invocations=10 (full 0):
 garbage-first heap   total 196608K, used 139139K [0x000000041a000000, 0x0000000800000000)
  region size 8192K, 12 young (98304K), 2 survivors (16384K)
 Metaspace       used 23216K, committed 23680K, reserved 1114112K
  class space    used 2372K, committed 2624K, reserved 1048576K
}
Event: 1.653 GC heap after
{Heap after GC invocations=11 (full 0):
 garbage-first heap   total 196608K, used 67813K [0x000000041a000000, 0x0000000800000000)
  region size 8192K, 1 young (8192K), 1 survivors (8192K)
 Metaspace       used 23216K, committed 23680K, reserved 1114112K
  class space    used 2372K, committed 2624K, reserved 1048576K
}
Event: 1.696 GC heap before
{Heap before GC invocations=11 (full 0):
 garbage-first heap   total 196608K, used 157925K [0x000000041a000000, 0x0000000800000000)
  region size 8192K, 12 young (98304K), 1 survivors (8192K)
 Metaspace       used 23218K, committed 23680K, reserved 1114112K
  class space    used 2372K, committed 2624K, reserved 1048576K
}
Event: 1.697 GC heap after
{Heap after GC invocations=12 (full 0):
 garbage-first heap   total 614400K, used 67859K [0x000000041a000000, 0x0000000800000000)
  region size 8192K, 1 young (8192K), 1 survivors (8192K)
 Metaspace       used 23218K, committed 23680K, reserved 1114112K
  class space    used 2372K, committed 2624K, reserved 1048576K
}
Event: 2.450 GC heap before
{Heap before GC invocations=12 (full 0):
 garbage-first heap   total 614400K, used 452883K [0x000000041a000000, 0x0000000800000000)
  region size 8192K, 45 young (368640K), 1 survivors (8192K)
 Metaspace       used 23554K, committed 24000K, reserved 1114112K
  class space    used 2417K, committed 2624K, reserved 1048576K
}
Event: 2.452 GC heap after
{Heap after GC invocations=13 (full 0):
 garbage-first heap   total 614400K, used 71119K [0x000000041a000000, 0x0000000800000000)
  region size 8192K, 1 young (8192K), 1 survivors (8192K)
 Metaspace       used 23554K, committed 24000K, reserved 1114112K
  class space    used 2417K, committed 2624K, reserved 1048576K
}
Event: 9.694 GC heap before
{Heap before GC invocations=13 (full 0):
 garbage-first heap   total 614400K, used 431567K [0x000000041a000000, 0x0000000800000000)
  region size 8192K, 45 young (368640K), 1 survivors (8192K)
 Metaspace       used 23554K, committed 24000K, reserved 1114112K
  class space    used 2417K, committed 2624K, reserved 1048576K
}
Event: 9.695 GC heap after
{Heap after GC invocations=14 (full 0):
 garbage-first heap   total 614400K, used 71103K [0x000000041a000000, 0x0000000800000000)
  region size 8192K, 1 young (8192K), 1 survivors (8192K)
 Metaspace       used 23554K, committed 24000K, reserved 1114112K
  class space    used 2417K, committed 2624K, reserved 1048576K
}
Event: 16.952 GC heap before
{Heap before GC invocations=14 (full 0):
 garbage-first heap   total 614400K, used 431551K [0x000000041a000000, 0x0000000800000000)
  region size 8192K, 45 young (368640K), 1 survivors (8192K)
 Metaspace       used 23554K, committed 24000K, reserved 1114112K
  class space    used 2417K, committed 2624K, reserved 1048576K
}
Event: 16.953 GC heap after
{Heap after GC invocations=15 (full 0):
 garbage-first heap   total 614400K, used 71149K [0x000000041a000000, 0x0000000800000000)
  region size 8192K, 1 young (8192K), 1 survivors (8192K)
 Metaspace       used 23554K, committed 24000K, reserved 1114112K
  class space    used 2417K, committed 2624K, reserved 1048576K
}
Event: 24.203 GC heap before
{Heap before GC invocations=15 (full 0):
 garbage-first heap   total 614400K, used 431597K [0x000000041a000000, 0x0000000800000000)
  region size 8192K, 45 young (368640K), 1 survivors (8192K)
 Metaspace       used 23554K, committed 24000K, reserved 1114112K
  class space    used 2417K, committed 2624K, reserved 1048576K
}
Event: 24.204 GC heap after
{Heap after GC invocations=16 (full 0):
 garbage-first heap   total 614400K, used 70921K [0x000000041a000000, 0x0000000800000000)
  region size 8192K, 1 young (8192K), 1 survivors (8192K)
 Metaspace       used 23554K, committed 24000K, reserved 1114112K
  class space    used 2417K, committed 2624K, reserved 1048576K
}
Event: 33.922 GC heap before
{Heap before GC invocations=16 (full 0):
 garbage-first heap   total 614400K, used 455945K [0x000000041a000000, 0x0000000800000000)
  region size 8192K, 45 young (368640K), 1 survivors (8192K)
 Metaspace       used 23672K, committed 24064K, reserved 1114112K
  class space    used 2426K, committed 2624K, reserved 1048576K
}
Event: 33.923 GC heap after
{Heap after GC invocations=17 (full 0):
 garbage-first heap   total 614400K, used 70906K [0x000000041a000000, 0x0000000800000000)
  region size 8192K, 1 young (8192K), 1 survivors (8192K)
 Metaspace       used 23672K, committed 24064K, reserved 1114112K
  class space    used 2426K, committed 2624K, reserved 1048576K
}

